<?xml version="1.0" encoding="UTF-8"?>
<!-- Generated by org.testng.reporters.JUnitReportReporter -->
<testsuite hostname="shailesh" failures="0" tests="1" name="com.eva.marketing.submodule.testcases.Marketing_Campaings" time="53.587" errors="0" timestamp="2025-05-24T07:33:23 IST" skipped="0">
  <testcase classname="com.eva.marketing.submodule.testcases.Marketing_Campaings" name="verifyCreateNewCampaings" time="53.587"/>
</testsuite> <!-- com.eva.marketing.submodule.testcases.Marketing_Campaings -->
