<?xml version="1.0" encoding="UTF-8"?>
<!-- Generated by org.testng.reporters.JUnitReportReporter -->
<testsuite hostname="shailesh" failures="0" tests="1" name="com.eva.marketing.submodule.testcases.MarketingAccounts" time="56.851" errors="0" timestamp="2025-08-11T13:16:52 IST" skipped="0">
  <testcase classname="com.eva.marketing.submodule.testcases.MarketingAccounts" name="verifyCreateNewAccount" time="56.851"/>
</testsuite> <!-- com.eva.marketing.submodule.testcases.MarketingAccounts -->
