<?xml version="1.0" encoding="UTF-8"?>
<!-- Generated by org.testng.reporters.JUnitReportReporter -->
<testsuite hostname="shailesh" failures="0" tests="1" name="com.eva.marketing.submodule.testcases.MarketingLeads" time="51.054" errors="0" timestamp="2025-08-10T20:47:03 IST" skipped="0">
  <testcase classname="com.eva.marketing.submodule.testcases.MarketingLeads" name="verifyCreateLeads" time="51.054"/>
</testsuite> <!-- com.eva.marketing.submodule.testcases.MarketingLeads -->
