<?xml version="1.0" encoding="UTF-8"?>
<!-- Generated by org.testng.reporters.JUnitReportReporter -->
<testsuite hostname="shailesh" failures="0" tests="1" name="com.eva.marketing.submodule.testcases.MarketingLeads" time="72.609" errors="0" timestamp="2025-05-02T20:04:08 IST" skipped="0">
  <testcase classname="com.eva.marketing.submodule.testcases.MarketingLeads" name="verifyCreateLeads" time="72.609"/>
</testsuite> <!-- com.eva.marketing.submodule.testcases.MarketingLeads -->
